#-----------------------------------------------------------
# Vivado v2018.2 (64-bit)
# SW Build 2258646 on Thu Jun 14 20:03:12 MDT 2018
# IP Build 2256618 on Thu Jun 14 22:10:49 MDT 2018
# Start of session at: Tue Jan  1 21:58:30 2019
# Process ID: 13400
# Current directory: C:/Users/Fran/Documents/GitHub/Trabajo-VHDL-/Proyecto_Maquinas_Estado
# Command line: vivado.exe -gui_launcher_event rodinguilauncherevent15940 C:\Users\Fran\Documents\GitHub\Trabajo-VHDL-\Proyecto_Maquinas_Estado\Proyecto_Maquinas_Estado.xpr
# Log file: C:/Users/Fran/Documents/GitHub/Trabajo-VHDL-/Proyecto_Maquinas_Estado/vivado.log
# Journal file: C:/Users/Fran/Documents/GitHub/Trabajo-VHDL-/Proyecto_Maquinas_Estado\vivado.jou
#-----------------------------------------------------------
start_gui
open_project C:/Users/Fran/Documents/GitHub/Trabajo-VHDL-/Proyecto_Maquinas_Estado/Proyecto_Maquinas_Estado.xpr
Scanning sources...
Finished scanning sources
INFO: [IP_Flow 19-234] Refreshing IP repositories
INFO: [IP_Flow 19-1704] No user IP repositories specified
INFO: [IP_Flow 19-2313] Loaded Vivado IP repository 'D:/Xilinx/Vivado/2018.2/data/ip'.
open_project: Time (s): cpu = 00:00:11 ; elapsed = 00:00:06 . Memory (MB): peak = 826.676 ; gain = 130.879
update_compile_order -fileset sources_1
close [ open C:/Users/Fran/Documents/GitHub/Trabajo-VHDL-/Proyecto_Maquinas_Estado/Proyecto_Maquinas_Estado.srcs/sources_1/new/TOP.vhd w ]
add_files C:/Users/Fran/Documents/GitHub/Trabajo-VHDL-/Proyecto_Maquinas_Estado/Proyecto_Maquinas_Estado.srcs/sources_1/new/TOP.vhd
update_compile_order -fileset sources_1
update_compile_order -fileset sources_1
exit
INFO: [Common 17-206] Exiting Vivado at Tue Jan  1 23:08:34 2019...
