#-----------------------------------------------------------
# Vivado v2018.2 (64-bit)
# SW Build 2258646 on Thu Jun 14 20:03:12 MDT 2018
# IP Build 2256618 on Thu Jun 14 22:10:49 MDT 2018
# Start of session at: Thu Jan  3 12:03:48 2019
# Process ID: 1768
# Current directory: C:/Users/Fran/Documents/GitHub/Trabajo-VHDL-/Proyecto_Maquinas_Estado
# Command line: vivado.exe -gui_launcher_event rodinguilauncherevent11124 C:\Users\Fran\Documents\GitHub\Trabajo-VHDL-\Proyecto_Maquinas_Estado\Proyecto_Maquinas_Estado.xpr
# Log file: C:/Users/Fran/Documents/GitHub/Trabajo-VHDL-/Proyecto_Maquinas_Estado/vivado.log
# Journal file: C:/Users/Fran/Documents/GitHub/Trabajo-VHDL-/Proyecto_Maquinas_Estado\vivado.jou
#-----------------------------------------------------------
start_gui
open_project C:/Users/Fran/Documents/GitHub/Trabajo-VHDL-/Proyecto_Maquinas_Estado/Proyecto_Maquinas_Estado.xpr
Scanning sources...
Finished scanning sources
INFO: [IP_Flow 19-234] Refreshing IP repositories
INFO: [IP_Flow 19-1704] No user IP repositories specified
INFO: [IP_Flow 19-2313] Loaded Vivado IP repository 'D:/Xilinx/Vivado/2018.2/data/ip'.
open_project: Time (s): cpu = 00:00:13 ; elapsed = 00:00:29 . Memory (MB): peak = 869.566 ; gain = 161.129
update_compile_order -fileset sources_1
export_ip_user_files -of_objects  [get_files C:/Users/Fran/Documents/GitHub/Trabajo-VHDL-/Proyecto_Maquinas_Estado/Proyecto_Maquinas_Estado.srcs/sources_1/ip/c_counter_binary_0/c_counter_binary_0.xci] -no_script -reset -force -quiet
remove_files  -fileset c_counter_binary_0 C:/Users/Fran/Documents/GitHub/Trabajo-VHDL-/Proyecto_Maquinas_Estado/Proyecto_Maquinas_Estado.srcs/sources_1/ip/c_counter_binary_0/c_counter_binary_0.xci
INFO: [Project 1-386] Moving file 'C:/Users/Fran/Documents/GitHub/Trabajo-VHDL-/Proyecto_Maquinas_Estado/Proyecto_Maquinas_Estado.srcs/sources_1/ip/c_counter_binary_0/c_counter_binary_0.xci' from fileset 'c_counter_binary_0' to fileset 'sources_1'.
close [ open C:/Users/Fran/Documents/GitHub/Trabajo-VHDL-/Proyecto_Maquinas_Estado/Proyecto_Maquinas_Estado.srcs/sources_1/new/Counter.vhd w ]
add_files C:/Users/Fran/Documents/GitHub/Trabajo-VHDL-/Proyecto_Maquinas_Estado/Proyecto_Maquinas_Estado.srcs/sources_1/new/Counter.vhd
update_compile_order -fileset sources_1
exit
INFO: [Common 17-206] Exiting Vivado at Thu Jan  3 14:20:36 2019...
