#-----------------------------------------------------------
# Vivado v2018.2 (64-bit)
# SW Build 2258646 on Thu Jun 14 20:03:12 MDT 2018
# IP Build 2256618 on Thu Jun 14 22:10:49 MDT 2018
# Start of session at: Fri Jan 11 17:10:46 2019
# Process ID: 186084
# Current directory: D:/Universidad/Cuarto/SED/Trabajo SED VHDL/Trabajo-VHDL-/Proyecto_Maquinas_Estado
# Command line: vivado.exe -gui_launcher_event rodinguilauncherevent190916 D:\Universidad\Cuarto\SED\Trabajo SED VHDL\Trabajo-VHDL-\Proyecto_Maquinas_Estado\Proyecto_Maquinas_Estado.xpr
# Log file: D:/Universidad/Cuarto/SED/Trabajo SED VHDL/Trabajo-VHDL-/Proyecto_Maquinas_Estado/vivado.log
# Journal file: D:/Universidad/Cuarto/SED/Trabajo SED VHDL/Trabajo-VHDL-/Proyecto_Maquinas_Estado\vivado.jou
#-----------------------------------------------------------
start_gui
open_project {D:/Universidad/Cuarto/SED/Trabajo SED VHDL/Trabajo-VHDL-/Proyecto_Maquinas_Estado/Proyecto_Maquinas_Estado.xpr}
INFO: [ProjectBase 1-489] The host OS only allows 260 characters in a normal path. The project is stored in a path with more than 80 characters. If you experience issues with IP, Block Designs, or files not being found, please consider moving the project to a location with a shorter path. Alternately consider using the OS subst command to map part of the path to a drive letter.
Current project path is 'D:/Universidad/Cuarto/SED/Trabajo SED VHDL/Trabajo-VHDL-/Proyecto_Maquinas_Estado'
Scanning sources...
Finished scanning sources
WARNING: [filemgmt 56-3] IPUserFilesDir: Could not find the directory 'D:/Universidad/Cuarto/Proyecto_Maquinas_Estado/Proyecto_Maquinas_Estado.ip_user_files'.
INFO: [IP_Flow 19-234] Refreshing IP repositories
INFO: [IP_Flow 19-1704] No user IP repositories specified
INFO: [IP_Flow 19-2313] Loaded Vivado IP repository 'D:/Xilinx/Vivado/2018.2/data/ip'.
update_compile_order -fileset sources_1
update_compile_order -fileset sources_1
update_compile_order -fileset sources_1
update_compile_order -fileset sources_1
close [ open {D:/Universidad/Cuarto/SED/Trabajo SED VHDL/Trabajo-VHDL-/Proyecto_Maquinas_Estado/Proyecto_Maquinas_Estado.srcs/sources_1/new/Display.vhd} w ]
add_files {{D:/Universidad/Cuarto/SED/Trabajo SED VHDL/Trabajo-VHDL-/Proyecto_Maquinas_Estado/Proyecto_Maquinas_Estado.srcs/sources_1/new/Display.vhd}}
update_compile_order -fileset sources_1
close [ open {D:/Universidad/Cuarto/SED/Trabajo SED VHDL/Trabajo-VHDL-/Proyecto_Maquinas_Estado/Proyecto_Maquinas_Estado.srcs/sources_1/new/Display_tb.vhd} w ]
add_files {{D:/Universidad/Cuarto/SED/Trabajo SED VHDL/Trabajo-VHDL-/Proyecto_Maquinas_Estado/Proyecto_Maquinas_Estado.srcs/sources_1/new/Display_tb.vhd}}
update_compile_order -fileset sources_1
exit
INFO: [Common 17-206] Exiting Vivado at Fri Jan 11 20:52:03 2019...
