#-----------------------------------------------------------
# Vivado v2018.2 (64-bit)
# SW Build 2258646 on Thu Jun 14 20:03:12 MDT 2018
# IP Build 2256618 on Thu Jun 14 22:10:49 MDT 2018
# Start of session at: Wed Dec 26 18:27:39 2018
# Process ID: 6444
# Current directory: C:/Users/Fran/Documents/GitHub/Trabajo-VHDL-/Proyecto_Maquinas_Estado
# Command line: vivado.exe -gui_launcher_event rodinguilauncherevent7156 C:\Users\Fran\Documents\GitHub\Trabajo-VHDL-\Proyecto_Maquinas_Estado\Proyecto_Maquinas_Estado.xpr
# Log file: C:/Users/Fran/Documents/GitHub/Trabajo-VHDL-/Proyecto_Maquinas_Estado/vivado.log
# Journal file: C:/Users/Fran/Documents/GitHub/Trabajo-VHDL-/Proyecto_Maquinas_Estado\vivado.jou
#-----------------------------------------------------------
start_gui
open_project C:/Users/Fran/Documents/GitHub/Trabajo-VHDL-/Proyecto_Maquinas_Estado/Proyecto_Maquinas_Estado.xpr
Scanning sources...
Finished scanning sources
INFO: [IP_Flow 19-234] Refreshing IP repositories
INFO: [IP_Flow 19-1704] No user IP repositories specified
INFO: [IP_Flow 19-2313] Loaded Vivado IP repository 'D:/Xilinx/Vivado/2018.2/data/ip'.
open_project: Time (s): cpu = 00:00:11 ; elapsed = 00:00:12 . Memory (MB): peak = 842.875 ; gain = 170.969
update_compile_order -fileset sources_1
exit
INFO: [Common 17-206] Exiting Vivado at Wed Dec 26 18:44:21 2018...
