#-----------------------------------------------------------
# Vivado v2018.2 (64-bit)
# SW Build 2258646 on Thu Jun 14 20:03:12 MDT 2018
# IP Build 2256618 on Thu Jun 14 22:10:49 MDT 2018
# Start of session at: Thu Jan 17 12:54:47 2019
# Process ID: 302112
# Current directory: C:/Users/petra/Desktop/only_state_machine
# Command line: vivado.exe -gui_launcher_event rodinguilauncherevent346768 C:\Users\petra\Desktop\only_state_machine\only_state_machine.xpr
# Log file: C:/Users/petra/Desktop/only_state_machine/vivado.log
# Journal file: C:/Users/petra/Desktop/only_state_machine\vivado.jou
#-----------------------------------------------------------
start_gui
open_project C:/Users/petra/Desktop/only_state_machine/only_state_machine.xpr
Scanning sources...
Finished scanning sources
INFO: [IP_Flow 19-234] Refreshing IP repositories
INFO: [IP_Flow 19-1704] No user IP repositories specified
INFO: [IP_Flow 19-2313] Loaded Vivado IP repository 'C:/Xilinx/Vivado/2018.2/data/ip'.
open_project: Time (s): cpu = 00:00:22 ; elapsed = 00:00:13 . Memory (MB): peak = 881.578 ; gain = 166.504
update_compile_order -fileset sources_1
launch_simulation
INFO: [Vivado 12-5682] Launching behavioral simulation in 'C:/Users/petra/Desktop/only_state_machine/only_state_machine.sim/sim_1/behav/xsim'
INFO: [SIM-utils-51] Simulation object is 'sim_1'
INFO: [SIM-utils-54] Inspecting design source files for 'only_state_tb' in fileset 'sim_1'...
INFO: [USF-XSim-97] Finding global include files...
INFO: [USF-XSim-98] Fetching design files from 'sim_1'...
INFO: [USF-XSim-2] XSim::Compile design
INFO: [USF-XSim-61] Executing 'COMPILE and ANALYZE' step in 'C:/Users/petra/Desktop/only_state_machine/only_state_machine.sim/sim_1/behav/xsim'
"xvhdl --incr --relax -prj only_state_tb_vhdl.prj"
INFO: [VRFC 10-163] Analyzing VHDL file "C:/Users/petra/Desktop/only_state_machine/only_state_machine.srcs/sim_1/new/only_state_tb.vhd" into library xil_defaultlib
INFO: [VRFC 10-307] analyzing entity only_state_tb
run_program: Time (s): cpu = 00:00:00 ; elapsed = 00:00:05 . Memory (MB): peak = 895.086 ; gain = 0.172
INFO: [USF-XSim-69] 'compile' step finished in '5' seconds
INFO: [USF-XSim-3] XSim::Elaborate design
INFO: [USF-XSim-61] Executing 'ELABORATE' step in 'C:/Users/petra/Desktop/only_state_machine/only_state_machine.sim/sim_1/behav/xsim'
Vivado Simulator 2018.2
Copyright 1986-1999, 2001-2018 Xilinx, Inc. All Rights Reserved.
Running: C:/Xilinx/Vivado/2018.2/bin/unwrapped/win64.o/xelab.exe -wto 9f31c04680874650975d7d8c3b531eb1 --incr --debug typical --relax --mt 2 -L xil_defaultlib -L secureip --snapshot only_state_tb_behav xil_defaultlib.only_state_tb -log elaborate.log 
Using 2 slave threads.
Starting static elaboration
Completed static elaboration
Starting simulation data flow analysis
Completed simulation data flow analysis
Time Resolution for simulation is 1ps
Compiling package std.standard
Compiling package std.textio
Compiling package ieee.std_logic_1164
Compiling architecture behavioral of entity xil_defaultlib.maquina_estados [maquina_estados_default]
Compiling architecture behavioral of entity xil_defaultlib.only_state_tb
Built simulation snapshot only_state_tb_behav
run_program: Time (s): cpu = 00:00:00 ; elapsed = 00:00:09 . Memory (MB): peak = 895.277 ; gain = 0.160
INFO: [USF-XSim-69] 'elaborate' step finished in '10' seconds
INFO: [USF-XSim-4] XSim::Simulate design
INFO: [USF-XSim-61] Executing 'SIMULATE' step in 'C:/Users/petra/Desktop/only_state_machine/only_state_machine.sim/sim_1/behav/xsim'
INFO: [USF-XSim-98] *** Running xsim
   with args "only_state_tb_behav -key {Behavioral:sim_1:Functional:only_state_tb} -tclbatch {only_state_tb.tcl} -log {simulate.log}"
INFO: [USF-XSim-8] Loading simulator feature
Vivado Simulator 2018.2
Time resolution is 1 ps
source only_state_tb.tcl
# set curr_wave [current_wave_config]
# if { [string length $curr_wave] == 0 } {
#   if { [llength [get_objects]] > 0} {
#     add_wave /
#     set_property needs_save false [current_wave_config]
#   } else {
#      send_msg_id Add_Wave-1 WARNING "No top level signals found. Simulator will start without a wave window. If you want to open a wave window go to 'File->New Waveform Configuration' or type 'create_wave_config' in the TCL console."
#   }
# }
# run 300 ns
xsim: Time (s): cpu = 00:00:08 ; elapsed = 00:00:07 . Memory (MB): peak = 914.570 ; gain = 18.551
INFO: [USF-XSim-96] XSim completed. Design snapshot 'only_state_tb_behav' loaded.
INFO: [USF-XSim-97] XSim simulation ran for 300 ns
launch_simulation: Time (s): cpu = 00:00:12 ; elapsed = 00:00:25 . Memory (MB): peak = 914.570 ; gain = 20.398
close_sim
INFO: [Simtcl 6-16] Simulation closed
launch_simulation
INFO: [Vivado 12-5682] Launching behavioral simulation in 'C:/Users/petra/Desktop/only_state_machine/only_state_machine.sim/sim_1/behav/xsim'
INFO: [SIM-utils-51] Simulation object is 'sim_1'
INFO: [SIM-utils-54] Inspecting design source files for 'only_state_tb' in fileset 'sim_1'...
INFO: [USF-XSim-97] Finding global include files...
INFO: [USF-XSim-98] Fetching design files from 'sim_1'...
INFO: [USF-XSim-2] XSim::Compile design
INFO: [USF-XSim-61] Executing 'COMPILE and ANALYZE' step in 'C:/Users/petra/Desktop/only_state_machine/only_state_machine.sim/sim_1/behav/xsim'
"xvhdl --incr --relax -prj only_state_tb_vhdl.prj"
INFO: [VRFC 10-163] Analyzing VHDL file "C:/Users/petra/Desktop/only_state_machine/only_state_machine.srcs/sim_1/new/only_state_tb.vhd" into library xil_defaultlib
INFO: [VRFC 10-307] analyzing entity only_state_tb
INFO: [USF-XSim-69] 'compile' step finished in '3' seconds
INFO: [USF-XSim-3] XSim::Elaborate design
INFO: [USF-XSim-61] Executing 'ELABORATE' step in 'C:/Users/petra/Desktop/only_state_machine/only_state_machine.sim/sim_1/behav/xsim'
Vivado Simulator 2018.2
Copyright 1986-1999, 2001-2018 Xilinx, Inc. All Rights Reserved.
Running: C:/Xilinx/Vivado/2018.2/bin/unwrapped/win64.o/xelab.exe -wto 9f31c04680874650975d7d8c3b531eb1 --incr --debug typical --relax --mt 2 -L xil_defaultlib -L secureip --snapshot only_state_tb_behav xil_defaultlib.only_state_tb -log elaborate.log 
Using 2 slave threads.
Starting static elaboration
Completed static elaboration
Starting simulation data flow analysis
Completed simulation data flow analysis
Time Resolution for simulation is 1ps
Compiling package std.standard
Compiling package std.textio
Compiling package ieee.std_logic_1164
Compiling architecture behavioral of entity xil_defaultlib.maquina_estados [maquina_estados_default]
Compiling architecture behavioral of entity xil_defaultlib.only_state_tb
Built simulation snapshot only_state_tb_behav
INFO: [USF-XSim-69] 'elaborate' step finished in '3' seconds
INFO: [USF-XSim-4] XSim::Simulate design
INFO: [USF-XSim-61] Executing 'SIMULATE' step in 'C:/Users/petra/Desktop/only_state_machine/only_state_machine.sim/sim_1/behav/xsim'
INFO: [USF-XSim-98] *** Running xsim
   with args "only_state_tb_behav -key {Behavioral:sim_1:Functional:only_state_tb} -tclbatch {only_state_tb.tcl} -log {simulate.log}"
INFO: [USF-XSim-8] Loading simulator feature
Vivado Simulator 2018.2
Time resolution is 1 ps
source only_state_tb.tcl
# set curr_wave [current_wave_config]
# if { [string length $curr_wave] == 0 } {
#   if { [llength [get_objects]] > 0} {
#     add_wave /
#     set_property needs_save false [current_wave_config]
#   } else {
#      send_msg_id Add_Wave-1 WARNING "No top level signals found. Simulator will start without a wave window. If you want to open a wave window go to 'File->New Waveform Configuration' or type 'create_wave_config' in the TCL console."
#   }
# }
# run 300 ns
INFO: [USF-XSim-96] XSim completed. Design snapshot 'only_state_tb_behav' loaded.
INFO: [USF-XSim-97] XSim simulation ran for 300 ns
launch_simulation: Time (s): cpu = 00:00:07 ; elapsed = 00:00:11 . Memory (MB): peak = 916.918 ; gain = 0.000
close_sim
INFO: [Simtcl 6-16] Simulation closed
launch_simulation
INFO: [Vivado 12-5682] Launching behavioral simulation in 'C:/Users/petra/Desktop/only_state_machine/only_state_machine.sim/sim_1/behav/xsim'
INFO: [SIM-utils-51] Simulation object is 'sim_1'
INFO: [SIM-utils-54] Inspecting design source files for 'only_state_tb' in fileset 'sim_1'...
INFO: [USF-XSim-97] Finding global include files...
INFO: [USF-XSim-98] Fetching design files from 'sim_1'...
INFO: [USF-XSim-2] XSim::Compile design
INFO: [USF-XSim-61] Executing 'COMPILE and ANALYZE' step in 'C:/Users/petra/Desktop/only_state_machine/only_state_machine.sim/sim_1/behav/xsim'
"xvhdl --incr --relax -prj only_state_tb_vhdl.prj"
INFO: [VRFC 10-163] Analyzing VHDL file "C:/Users/petra/Desktop/only_state_machine/only_state_machine.srcs/sources_1/new/only_state.vhd" into library xil_defaultlib
INFO: [VRFC 10-307] analyzing entity maquina_estados
ERROR: [VRFC 10-91] led is not declared [C:/Users/petra/Desktop/only_state_machine/only_state_machine.srcs/sources_1/new/only_state.vhd:101]
ERROR: [VRFC 10-91] led is not declared [C:/Users/petra/Desktop/only_state_machine/only_state_machine.srcs/sources_1/new/only_state.vhd:102]
ERROR: [VRFC 10-91] led is not declared [C:/Users/petra/Desktop/only_state_machine/only_state_machine.srcs/sources_1/new/only_state.vhd:103]
ERROR: [VRFC 10-91] led is not declared [C:/Users/petra/Desktop/only_state_machine/only_state_machine.srcs/sources_1/new/only_state.vhd:105]
ERROR: [VRFC 10-91] led is not declared [C:/Users/petra/Desktop/only_state_machine/only_state_machine.srcs/sources_1/new/only_state.vhd:106]
ERROR: [VRFC 10-91] led is not declared [C:/Users/petra/Desktop/only_state_machine/only_state_machine.srcs/sources_1/new/only_state.vhd:107]
ERROR: [VRFC 10-91] led is not declared [C:/Users/petra/Desktop/only_state_machine/only_state_machine.srcs/sources_1/new/only_state.vhd:108]
ERROR: [VRFC 10-91] led is not declared [C:/Users/petra/Desktop/only_state_machine/only_state_machine.srcs/sources_1/new/only_state.vhd:109]
ERROR: [VRFC 10-91] led is not declared [C:/Users/petra/Desktop/only_state_machine/only_state_machine.srcs/sources_1/new/only_state.vhd:111]
ERROR: [VRFC 10-91] led is not declared [C:/Users/petra/Desktop/only_state_machine/only_state_machine.srcs/sources_1/new/only_state.vhd:112]
ERROR: [VRFC 10-91] led is not declared [C:/Users/petra/Desktop/only_state_machine/only_state_machine.srcs/sources_1/new/only_state.vhd:113]
ERROR: [VRFC 10-91] led is not declared [C:/Users/petra/Desktop/only_state_machine/only_state_machine.srcs/sources_1/new/only_state.vhd:114]
ERROR: [VRFC 10-91] led is not declared [C:/Users/petra/Desktop/only_state_machine/only_state_machine.srcs/sources_1/new/only_state.vhd:115]
ERROR: [VRFC 10-91] led is not declared [C:/Users/petra/Desktop/only_state_machine/only_state_machine.srcs/sources_1/new/only_state.vhd:116]
ERROR: [VRFC 10-1504] unit behavioral ignored due to previous errors [C:/Users/petra/Desktop/only_state_machine/only_state_machine.srcs/sources_1/new/only_state.vhd:53]
INFO: [VRFC 10-240] VHDL file C:/Users/petra/Desktop/only_state_machine/only_state_machine.srcs/sources_1/new/only_state.vhd ignored due to errors
INFO: [USF-XSim-69] 'compile' step finished in '3' seconds
INFO: [USF-XSim-99] Step results log file:'C:/Users/petra/Desktop/only_state_machine/only_state_machine.sim/sim_1/behav/xsim/xvhdl.log'
ERROR: [USF-XSim-62] 'compile' step failed with error(s). Please check the Tcl console output or 'C:/Users/petra/Desktop/only_state_machine/only_state_machine.sim/sim_1/behav/xsim/xvhdl.log' file for more information.
ERROR: [Vivado 12-4473] Detected error while running simulation. Please correct the issue and retry this operation.
launch_simulation: Time (s): cpu = 00:00:00 ; elapsed = 00:00:06 . Memory (MB): peak = 924.586 ; gain = 0.000
ERROR: [Common 17-39] 'launch_simulation' failed due to earlier errors.
launch_simulation
INFO: [Vivado 12-5682] Launching behavioral simulation in 'C:/Users/petra/Desktop/only_state_machine/only_state_machine.sim/sim_1/behav/xsim'
INFO: [SIM-utils-51] Simulation object is 'sim_1'
INFO: [SIM-utils-54] Inspecting design source files for 'only_state_tb' in fileset 'sim_1'...
INFO: [USF-XSim-97] Finding global include files...
INFO: [USF-XSim-98] Fetching design files from 'sim_1'...
INFO: [USF-XSim-2] XSim::Compile design
INFO: [USF-XSim-61] Executing 'COMPILE and ANALYZE' step in 'C:/Users/petra/Desktop/only_state_machine/only_state_machine.sim/sim_1/behav/xsim'
"xvhdl --incr --relax -prj only_state_tb_vhdl.prj"
INFO: [VRFC 10-163] Analyzing VHDL file "C:/Users/petra/Desktop/only_state_machine/only_state_machine.srcs/sources_1/new/only_state.vhd" into library xil_defaultlib
INFO: [VRFC 10-307] analyzing entity maquina_estados
ERROR: [VRFC 10-91] led is not declared [C:/Users/petra/Desktop/only_state_machine/only_state_machine.srcs/sources_1/new/only_state.vhd:101]
ERROR: [VRFC 10-91] led is not declared [C:/Users/petra/Desktop/only_state_machine/only_state_machine.srcs/sources_1/new/only_state.vhd:102]
ERROR: [VRFC 10-91] led is not declared [C:/Users/petra/Desktop/only_state_machine/only_state_machine.srcs/sources_1/new/only_state.vhd:103]
ERROR: [VRFC 10-91] led is not declared [C:/Users/petra/Desktop/only_state_machine/only_state_machine.srcs/sources_1/new/only_state.vhd:105]
ERROR: [VRFC 10-91] led is not declared [C:/Users/petra/Desktop/only_state_machine/only_state_machine.srcs/sources_1/new/only_state.vhd:106]
ERROR: [VRFC 10-91] led is not declared [C:/Users/petra/Desktop/only_state_machine/only_state_machine.srcs/sources_1/new/only_state.vhd:107]
ERROR: [VRFC 10-91] led is not declared [C:/Users/petra/Desktop/only_state_machine/only_state_machine.srcs/sources_1/new/only_state.vhd:108]
ERROR: [VRFC 10-91] led is not declared [C:/Users/petra/Desktop/only_state_machine/only_state_machine.srcs/sources_1/new/only_state.vhd:109]
ERROR: [VRFC 10-91] led is not declared [C:/Users/petra/Desktop/only_state_machine/only_state_machine.srcs/sources_1/new/only_state.vhd:111]
ERROR: [VRFC 10-91] led is not declared [C:/Users/petra/Desktop/only_state_machine/only_state_machine.srcs/sources_1/new/only_state.vhd:112]
ERROR: [VRFC 10-91] led is not declared [C:/Users/petra/Desktop/only_state_machine/only_state_machine.srcs/sources_1/new/only_state.vhd:113]
ERROR: [VRFC 10-91] led is not declared [C:/Users/petra/Desktop/only_state_machine/only_state_machine.srcs/sources_1/new/only_state.vhd:114]
ERROR: [VRFC 10-91] led is not declared [C:/Users/petra/Desktop/only_state_machine/only_state_machine.srcs/sources_1/new/only_state.vhd:115]
ERROR: [VRFC 10-91] led is not declared [C:/Users/petra/Desktop/only_state_machine/only_state_machine.srcs/sources_1/new/only_state.vhd:116]
ERROR: [VRFC 10-1504] unit behavioral ignored due to previous errors [C:/Users/petra/Desktop/only_state_machine/only_state_machine.srcs/sources_1/new/only_state.vhd:53]
INFO: [VRFC 10-240] VHDL file C:/Users/petra/Desktop/only_state_machine/only_state_machine.srcs/sources_1/new/only_state.vhd ignored due to errors
INFO: [USF-XSim-69] 'compile' step finished in '2' seconds
INFO: [USF-XSim-99] Step results log file:'C:/Users/petra/Desktop/only_state_machine/only_state_machine.sim/sim_1/behav/xsim/xvhdl.log'
ERROR: [USF-XSim-62] 'compile' step failed with error(s). Please check the Tcl console output or 'C:/Users/petra/Desktop/only_state_machine/only_state_machine.sim/sim_1/behav/xsim/xvhdl.log' file for more information.
ERROR: [Vivado 12-4473] Detected error while running simulation. Please correct the issue and retry this operation.
ERROR: [Common 17-39] 'launch_simulation' failed due to earlier errors.
launch_simulation
INFO: [Vivado 12-5682] Launching behavioral simulation in 'C:/Users/petra/Desktop/only_state_machine/only_state_machine.sim/sim_1/behav/xsim'
INFO: [SIM-utils-51] Simulation object is 'sim_1'
INFO: [SIM-utils-54] Inspecting design source files for 'only_state_tb' in fileset 'sim_1'...
INFO: [USF-XSim-97] Finding global include files...
INFO: [USF-XSim-98] Fetching design files from 'sim_1'...
INFO: [USF-XSim-2] XSim::Compile design
INFO: [USF-XSim-61] Executing 'COMPILE and ANALYZE' step in 'C:/Users/petra/Desktop/only_state_machine/only_state_machine.sim/sim_1/behav/xsim'
"xvhdl --incr --relax -prj only_state_tb_vhdl.prj"
INFO: [VRFC 10-163] Analyzing VHDL file "C:/Users/petra/Desktop/only_state_machine/only_state_machine.srcs/sources_1/new/only_state.vhd" into library xil_defaultlib
INFO: [VRFC 10-307] analyzing entity maquina_estados
INFO: [VRFC 10-163] Analyzing VHDL file "C:/Users/petra/Desktop/only_state_machine/only_state_machine.srcs/sim_1/new/only_state_tb.vhd" into library xil_defaultlib
INFO: [VRFC 10-307] analyzing entity only_state_tb
INFO: [USF-XSim-69] 'compile' step finished in '3' seconds
INFO: [USF-XSim-3] XSim::Elaborate design
INFO: [USF-XSim-61] Executing 'ELABORATE' step in 'C:/Users/petra/Desktop/only_state_machine/only_state_machine.sim/sim_1/behav/xsim'
Vivado Simulator 2018.2
Copyright 1986-1999, 2001-2018 Xilinx, Inc. All Rights Reserved.
Running: C:/Xilinx/Vivado/2018.2/bin/unwrapped/win64.o/xelab.exe -wto 9f31c04680874650975d7d8c3b531eb1 --incr --debug typical --relax --mt 2 -L xil_defaultlib -L secureip --snapshot only_state_tb_behav xil_defaultlib.only_state_tb -log elaborate.log 
Using 2 slave threads.
Starting static elaboration
Completed static elaboration
Starting simulation data flow analysis
Completed simulation data flow analysis
Time Resolution for simulation is 1ps
Compiling package std.standard
Compiling package std.textio
Compiling package ieee.std_logic_1164
Compiling architecture behavioral of entity xil_defaultlib.maquina_estados [maquina_estados_default]
Compiling architecture behavioral of entity xil_defaultlib.only_state_tb
Built simulation snapshot only_state_tb_behav
INFO: [USF-XSim-69] 'elaborate' step finished in '3' seconds
INFO: [USF-XSim-4] XSim::Simulate design
INFO: [USF-XSim-61] Executing 'SIMULATE' step in 'C:/Users/petra/Desktop/only_state_machine/only_state_machine.sim/sim_1/behav/xsim'
INFO: [USF-XSim-98] *** Running xsim
   with args "only_state_tb_behav -key {Behavioral:sim_1:Functional:only_state_tb} -tclbatch {only_state_tb.tcl} -log {simulate.log}"
INFO: [USF-XSim-8] Loading simulator feature
Vivado Simulator 2018.2
Time resolution is 1 ps
source only_state_tb.tcl
# set curr_wave [current_wave_config]
# if { [string length $curr_wave] == 0 } {
#   if { [llength [get_objects]] > 0} {
#     add_wave /
#     set_property needs_save false [current_wave_config]
#   } else {
#      send_msg_id Add_Wave-1 WARNING "No top level signals found. Simulator will start without a wave window. If you want to open a wave window go to 'File->New Waveform Configuration' or type 'create_wave_config' in the TCL console."
#   }
# }
# run 300 ns
INFO: [USF-XSim-96] XSim completed. Design snapshot 'only_state_tb_behav' loaded.
INFO: [USF-XSim-97] XSim simulation ran for 300 ns
launch_simulation: Time (s): cpu = 00:00:03 ; elapsed = 00:00:09 . Memory (MB): peak = 924.586 ; gain = 0.000
close_sim
INFO: [Simtcl 6-16] Simulation closed
launch_simulation
INFO: [Vivado 12-5682] Launching behavioral simulation in 'C:/Users/petra/Desktop/only_state_machine/only_state_machine.sim/sim_1/behav/xsim'
INFO: [SIM-utils-51] Simulation object is 'sim_1'
INFO: [SIM-utils-54] Inspecting design source files for 'only_state_tb' in fileset 'sim_1'...
INFO: [USF-XSim-97] Finding global include files...
INFO: [USF-XSim-98] Fetching design files from 'sim_1'...
INFO: [USF-XSim-2] XSim::Compile design
INFO: [USF-XSim-61] Executing 'COMPILE and ANALYZE' step in 'C:/Users/petra/Desktop/only_state_machine/only_state_machine.sim/sim_1/behav/xsim'
"xvhdl --incr --relax -prj only_state_tb_vhdl.prj"
INFO: [VRFC 10-163] Analyzing VHDL file "C:/Users/petra/Desktop/only_state_machine/only_state_machine.srcs/sim_1/new/only_state_tb.vhd" into library xil_defaultlib
INFO: [VRFC 10-307] analyzing entity only_state_tb
INFO: [USF-XSim-69] 'compile' step finished in '3' seconds
INFO: [USF-XSim-3] XSim::Elaborate design
INFO: [USF-XSim-61] Executing 'ELABORATE' step in 'C:/Users/petra/Desktop/only_state_machine/only_state_machine.sim/sim_1/behav/xsim'
Vivado Simulator 2018.2
Copyright 1986-1999, 2001-2018 Xilinx, Inc. All Rights Reserved.
Running: C:/Xilinx/Vivado/2018.2/bin/unwrapped/win64.o/xelab.exe -wto 9f31c04680874650975d7d8c3b531eb1 --incr --debug typical --relax --mt 2 -L xil_defaultlib -L secureip --snapshot only_state_tb_behav xil_defaultlib.only_state_tb -log elaborate.log 
Using 2 slave threads.
Starting static elaboration
Completed static elaboration
Starting simulation data flow analysis
Completed simulation data flow analysis
Time Resolution for simulation is 1ps
Compiling package std.standard
Compiling package std.textio
Compiling package ieee.std_logic_1164
Compiling architecture behavioral of entity xil_defaultlib.maquina_estados [maquina_estados_default]
Compiling architecture behavioral of entity xil_defaultlib.only_state_tb
Built simulation snapshot only_state_tb_behav
INFO: [USF-XSim-69] 'elaborate' step finished in '3' seconds
INFO: [USF-XSim-4] XSim::Simulate design
INFO: [USF-XSim-61] Executing 'SIMULATE' step in 'C:/Users/petra/Desktop/only_state_machine/only_state_machine.sim/sim_1/behav/xsim'
INFO: [USF-XSim-98] *** Running xsim
   with args "only_state_tb_behav -key {Behavioral:sim_1:Functional:only_state_tb} -tclbatch {only_state_tb.tcl} -log {simulate.log}"
INFO: [USF-XSim-8] Loading simulator feature
Vivado Simulator 2018.2
Time resolution is 1 ps
source only_state_tb.tcl
# set curr_wave [current_wave_config]
# if { [string length $curr_wave] == 0 } {
#   if { [llength [get_objects]] > 0} {
#     add_wave /
#     set_property needs_save false [current_wave_config]
#   } else {
#      send_msg_id Add_Wave-1 WARNING "No top level signals found. Simulator will start without a wave window. If you want to open a wave window go to 'File->New Waveform Configuration' or type 'create_wave_config' in the TCL console."
#   }
# }
# run 300 ns
INFO: [USF-XSim-96] XSim completed. Design snapshot 'only_state_tb_behav' loaded.
INFO: [USF-XSim-97] XSim simulation ran for 300 ns
launch_simulation: Time (s): cpu = 00:00:03 ; elapsed = 00:00:09 . Memory (MB): peak = 924.742 ; gain = 0.156
close_sim
INFO: [Simtcl 6-16] Simulation closed
launch_simulation
INFO: [Vivado 12-5682] Launching behavioral simulation in 'C:/Users/petra/Desktop/only_state_machine/only_state_machine.sim/sim_1/behav/xsim'
INFO: [SIM-utils-51] Simulation object is 'sim_1'
INFO: [SIM-utils-54] Inspecting design source files for 'only_state_tb' in fileset 'sim_1'...
INFO: [USF-XSim-97] Finding global include files...
INFO: [USF-XSim-98] Fetching design files from 'sim_1'...
INFO: [USF-XSim-2] XSim::Compile design
INFO: [USF-XSim-61] Executing 'COMPILE and ANALYZE' step in 'C:/Users/petra/Desktop/only_state_machine/only_state_machine.sim/sim_1/behav/xsim'
"xvhdl --incr --relax -prj only_state_tb_vhdl.prj"
INFO: [VRFC 10-163] Analyzing VHDL file "C:/Users/petra/Desktop/only_state_machine/only_state_machine.srcs/sources_1/new/only_state.vhd" into library xil_defaultlib
INFO: [VRFC 10-307] analyzing entity maquina_estados
INFO: [VRFC 10-163] Analyzing VHDL file "C:/Users/petra/Desktop/only_state_machine/only_state_machine.srcs/sim_1/new/only_state_tb.vhd" into library xil_defaultlib
INFO: [VRFC 10-307] analyzing entity only_state_tb
INFO: [USF-XSim-69] 'compile' step finished in '3' seconds
INFO: [USF-XSim-3] XSim::Elaborate design
INFO: [USF-XSim-61] Executing 'ELABORATE' step in 'C:/Users/petra/Desktop/only_state_machine/only_state_machine.sim/sim_1/behav/xsim'
Vivado Simulator 2018.2
Copyright 1986-1999, 2001-2018 Xilinx, Inc. All Rights Reserved.
Running: C:/Xilinx/Vivado/2018.2/bin/unwrapped/win64.o/xelab.exe -wto 9f31c04680874650975d7d8c3b531eb1 --incr --debug typical --relax --mt 2 -L xil_defaultlib -L secureip --snapshot only_state_tb_behav xil_defaultlib.only_state_tb -log elaborate.log 
Using 2 slave threads.
Starting static elaboration
Completed static elaboration
Starting simulation data flow analysis
Completed simulation data flow analysis
Time Resolution for simulation is 1ps
Compiling package std.standard
Compiling package std.textio
Compiling package ieee.std_logic_1164
Compiling architecture behavioral of entity xil_defaultlib.maquina_estados [maquina_estados_default]
Compiling architecture behavioral of entity xil_defaultlib.only_state_tb
Built simulation snapshot only_state_tb_behav
INFO: [USF-XSim-69] 'elaborate' step finished in '3' seconds
INFO: [USF-XSim-4] XSim::Simulate design
INFO: [USF-XSim-61] Executing 'SIMULATE' step in 'C:/Users/petra/Desktop/only_state_machine/only_state_machine.sim/sim_1/behav/xsim'
INFO: [USF-XSim-98] *** Running xsim
   with args "only_state_tb_behav -key {Behavioral:sim_1:Functional:only_state_tb} -tclbatch {only_state_tb.tcl} -log {simulate.log}"
INFO: [USF-XSim-8] Loading simulator feature
Vivado Simulator 2018.2
Time resolution is 1 ps
source only_state_tb.tcl
# set curr_wave [current_wave_config]
# if { [string length $curr_wave] == 0 } {
#   if { [llength [get_objects]] > 0} {
#     add_wave /
#     set_property needs_save false [current_wave_config]
#   } else {
#      send_msg_id Add_Wave-1 WARNING "No top level signals found. Simulator will start without a wave window. If you want to open a wave window go to 'File->New Waveform Configuration' or type 'create_wave_config' in the TCL console."
#   }
# }
# run 300 ns
INFO: [USF-XSim-96] XSim completed. Design snapshot 'only_state_tb_behav' loaded.
INFO: [USF-XSim-97] XSim simulation ran for 300 ns
launch_simulation: Time (s): cpu = 00:00:03 ; elapsed = 00:00:11 . Memory (MB): peak = 934.023 ; gain = 0.000
close_sim
INFO: [Simtcl 6-16] Simulation closed
launch_simulation
INFO: [Vivado 12-5682] Launching behavioral simulation in 'C:/Users/petra/Desktop/only_state_machine/only_state_machine.sim/sim_1/behav/xsim'
INFO: [SIM-utils-51] Simulation object is 'sim_1'
INFO: [SIM-utils-54] Inspecting design source files for 'only_state_tb' in fileset 'sim_1'...
INFO: [USF-XSim-97] Finding global include files...
INFO: [USF-XSim-98] Fetching design files from 'sim_1'...
INFO: [USF-XSim-2] XSim::Compile design
INFO: [USF-XSim-61] Executing 'COMPILE and ANALYZE' step in 'C:/Users/petra/Desktop/only_state_machine/only_state_machine.sim/sim_1/behav/xsim'
"xvhdl --incr --relax -prj only_state_tb_vhdl.prj"
INFO: [VRFC 10-163] Analyzing VHDL file "C:/Users/petra/Desktop/only_state_machine/only_state_machine.srcs/sources_1/new/only_state.vhd" into library xil_defaultlib
INFO: [VRFC 10-307] analyzing entity maquina_estados
INFO: [VRFC 10-163] Analyzing VHDL file "C:/Users/petra/Desktop/only_state_machine/only_state_machine.srcs/sim_1/new/only_state_tb.vhd" into library xil_defaultlib
INFO: [VRFC 10-307] analyzing entity only_state_tb
INFO: [USF-XSim-69] 'compile' step finished in '3' seconds
INFO: [USF-XSim-3] XSim::Elaborate design
INFO: [USF-XSim-61] Executing 'ELABORATE' step in 'C:/Users/petra/Desktop/only_state_machine/only_state_machine.sim/sim_1/behav/xsim'
Vivado Simulator 2018.2
Copyright 1986-1999, 2001-2018 Xilinx, Inc. All Rights Reserved.
Running: C:/Xilinx/Vivado/2018.2/bin/unwrapped/win64.o/xelab.exe -wto 9f31c04680874650975d7d8c3b531eb1 --incr --debug typical --relax --mt 2 -L xil_defaultlib -L secureip --snapshot only_state_tb_behav xil_defaultlib.only_state_tb -log elaborate.log 
Using 2 slave threads.
Starting static elaboration
Completed static elaboration
Starting simulation data flow analysis
Completed simulation data flow analysis
Time Resolution for simulation is 1ps
Compiling package std.standard
Compiling package std.textio
Compiling package ieee.std_logic_1164
Compiling architecture behavioral of entity xil_defaultlib.maquina_estados [maquina_estados_default]
Compiling architecture behavioral of entity xil_defaultlib.only_state_tb
Built simulation snapshot only_state_tb_behav
INFO: [USF-XSim-69] 'elaborate' step finished in '3' seconds
INFO: [USF-XSim-4] XSim::Simulate design
INFO: [USF-XSim-61] Executing 'SIMULATE' step in 'C:/Users/petra/Desktop/only_state_machine/only_state_machine.sim/sim_1/behav/xsim'
INFO: [USF-XSim-98] *** Running xsim
   with args "only_state_tb_behav -key {Behavioral:sim_1:Functional:only_state_tb} -tclbatch {only_state_tb.tcl} -log {simulate.log}"
INFO: [USF-XSim-8] Loading simulator feature
Vivado Simulator 2018.2
Time resolution is 1 ps
source only_state_tb.tcl
# set curr_wave [current_wave_config]
# if { [string length $curr_wave] == 0 } {
#   if { [llength [get_objects]] > 0} {
#     add_wave /
#     set_property needs_save false [current_wave_config]
#   } else {
#      send_msg_id Add_Wave-1 WARNING "No top level signals found. Simulator will start without a wave window. If you want to open a wave window go to 'File->New Waveform Configuration' or type 'create_wave_config' in the TCL console."
#   }
# }
# run 300 ns
INFO: [USF-XSim-96] XSim completed. Design snapshot 'only_state_tb_behav' loaded.
INFO: [USF-XSim-97] XSim simulation ran for 300 ns
launch_simulation: Time (s): cpu = 00:00:04 ; elapsed = 00:00:11 . Memory (MB): peak = 935.758 ; gain = 0.000
close_sim
INFO: [Simtcl 6-16] Simulation closed
launch_simulation
INFO: [Vivado 12-5682] Launching behavioral simulation in 'C:/Users/petra/Desktop/only_state_machine/only_state_machine.sim/sim_1/behav/xsim'
INFO: [SIM-utils-51] Simulation object is 'sim_1'
INFO: [SIM-utils-54] Inspecting design source files for 'only_state_tb' in fileset 'sim_1'...
INFO: [USF-XSim-97] Finding global include files...
INFO: [USF-XSim-98] Fetching design files from 'sim_1'...
INFO: [USF-XSim-2] XSim::Compile design
INFO: [USF-XSim-61] Executing 'COMPILE and ANALYZE' step in 'C:/Users/petra/Desktop/only_state_machine/only_state_machine.sim/sim_1/behav/xsim'
"xvhdl --incr --relax -prj only_state_tb_vhdl.prj"
INFO: [VRFC 10-163] Analyzing VHDL file "C:/Users/petra/Desktop/only_state_machine/only_state_machine.srcs/sources_1/new/only_state.vhd" into library xil_defaultlib
INFO: [VRFC 10-307] analyzing entity maquina_estados
INFO: [VRFC 10-163] Analyzing VHDL file "C:/Users/petra/Desktop/only_state_machine/only_state_machine.srcs/sim_1/new/only_state_tb.vhd" into library xil_defaultlib
INFO: [VRFC 10-307] analyzing entity only_state_tb
INFO: [USF-XSim-69] 'compile' step finished in '3' seconds
INFO: [USF-XSim-3] XSim::Elaborate design
INFO: [USF-XSim-61] Executing 'ELABORATE' step in 'C:/Users/petra/Desktop/only_state_machine/only_state_machine.sim/sim_1/behav/xsim'
Vivado Simulator 2018.2
Copyright 1986-1999, 2001-2018 Xilinx, Inc. All Rights Reserved.
Running: C:/Xilinx/Vivado/2018.2/bin/unwrapped/win64.o/xelab.exe -wto 9f31c04680874650975d7d8c3b531eb1 --incr --debug typical --relax --mt 2 -L xil_defaultlib -L secureip --snapshot only_state_tb_behav xil_defaultlib.only_state_tb -log elaborate.log 
Using 2 slave threads.
Starting static elaboration
Completed static elaboration
Starting simulation data flow analysis
Completed simulation data flow analysis
Time Resolution for simulation is 1ps
Compiling package std.standard
Compiling package std.textio
Compiling package ieee.std_logic_1164
Compiling architecture behavioral of entity xil_defaultlib.maquina_estados [maquina_estados_default]
Compiling architecture behavioral of entity xil_defaultlib.only_state_tb
Built simulation snapshot only_state_tb_behav
INFO: [USF-XSim-69] 'elaborate' step finished in '3' seconds
INFO: [USF-XSim-4] XSim::Simulate design
INFO: [USF-XSim-61] Executing 'SIMULATE' step in 'C:/Users/petra/Desktop/only_state_machine/only_state_machine.sim/sim_1/behav/xsim'
INFO: [USF-XSim-98] *** Running xsim
   with args "only_state_tb_behav -key {Behavioral:sim_1:Functional:only_state_tb} -tclbatch {only_state_tb.tcl} -log {simulate.log}"
INFO: [USF-XSim-8] Loading simulator feature
Vivado Simulator 2018.2
Time resolution is 1 ps
source only_state_tb.tcl
# set curr_wave [current_wave_config]
# if { [string length $curr_wave] == 0 } {
#   if { [llength [get_objects]] > 0} {
#     add_wave /
#     set_property needs_save false [current_wave_config]
#   } else {
#      send_msg_id Add_Wave-1 WARNING "No top level signals found. Simulator will start without a wave window. If you want to open a wave window go to 'File->New Waveform Configuration' or type 'create_wave_config' in the TCL console."
#   }
# }
# run 300 ns
INFO: [USF-XSim-96] XSim completed. Design snapshot 'only_state_tb_behav' loaded.
INFO: [USF-XSim-97] XSim simulation ran for 300 ns
launch_simulation: Time (s): cpu = 00:00:03 ; elapsed = 00:00:12 . Memory (MB): peak = 939.035 ; gain = 0.000
close_sim
INFO: [Simtcl 6-16] Simulation closed
exit
INFO: [Common 17-206] Exiting Vivado at Thu Jan 17 14:15:08 2019...
