#-----------------------------------------------------------
# Vivado v2018.2 (64-bit)
# SW Build 2258646 on Thu Jun 14 20:03:12 MDT 2018
# IP Build 2256618 on Thu Jun 14 22:10:49 MDT 2018
# Start of session at: Thu Jan 17 12:42:38 2019
# Process ID: 335192
# Current directory: C:/Users/petra/Desktop/only_state_machine
# Command line: vivado.exe -gui_launcher_event rodinguilauncherevent335756 C:\Users\petra\Desktop\only_state_machine\only_state_machine.xpr
# Log file: C:/Users/petra/Desktop/only_state_machine/vivado.log
# Journal file: C:/Users/petra/Desktop/only_state_machine\vivado.jou
#-----------------------------------------------------------
start_gui
open_project C:/Users/petra/Desktop/only_state_machine/only_state_machine.xpr
Scanning sources...
Finished scanning sources
INFO: [IP_Flow 19-234] Refreshing IP repositories
INFO: [IP_Flow 19-1704] No user IP repositories specified
INFO: [IP_Flow 19-2313] Loaded Vivado IP repository 'C:/Xilinx/Vivado/2018.2/data/ip'.
open_project: Time (s): cpu = 00:00:20 ; elapsed = 00:00:15 . Memory (MB): peak = 857.742 ; gain = 126.824
update_compile_order -fileset sources_1
exit
INFO: [Common 17-206] Exiting Vivado at Thu Jan 17 12:53:15 2019...
