#-----------------------------------------------------------
# Vivado v2018.2 (64-bit)
# SW Build 2258646 on Thu Jun 14 20:03:12 MDT 2018
# IP Build 2256618 on Thu Jun 14 22:10:49 MDT 2018
# Start of session at: Mon Jan 21 19:37:21 2019
# Process ID: 282732
# Current directory: C:/Users/Alberto/Desktop/Trabajo-VHDL-/Trabajo-VHDL/Proyecto_Maquinas_Estado
# Command line: vivado.exe -gui_launcher_event rodinguilauncherevent313016 C:\Users\Alberto\Desktop\Trabajo-VHDL-\Trabajo-VHDL\Proyecto_Maquinas_Estado\Proyecto_Maquinas_Estado.xpr
# Log file: C:/Users/Alberto/Desktop/Trabajo-VHDL-/Trabajo-VHDL/Proyecto_Maquinas_Estado/vivado.log
# Journal file: C:/Users/Alberto/Desktop/Trabajo-VHDL-/Trabajo-VHDL/Proyecto_Maquinas_Estado\vivado.jou
#-----------------------------------------------------------
start_gui
open_project C:/Users/Alberto/Desktop/Trabajo-VHDL-/Trabajo-VHDL/Proyecto_Maquinas_Estado/Proyecto_Maquinas_Estado.xpr
INFO: [Project 1-313] Project file moved from 'C:/Users/petra/Desktop/Nueva carpeta/Trabajo-VHDL/Proyecto_Maquinas_Estado' since last save.
Scanning sources...
Finished scanning sources
WARNING: [filemgmt 56-3] IPUserFilesDir: Could not find the directory 'D:/../../Proyecto_Maquinas_Estado/Proyecto_Maquinas_Estado.ip_user_files'.
INFO: [IP_Flow 19-234] Refreshing IP repositories
INFO: [IP_Flow 19-1704] No user IP repositories specified
INFO: [IP_Flow 19-2313] Loaded Vivado IP repository 'D:/Xilinx/Vivado/2018.2/data/ip'.
open_project: Time (s): cpu = 00:00:15 ; elapsed = 00:00:08 . Memory (MB): peak = 900.801 ; gain = 142.605
update_compile_order -fileset sources_1
