#-----------------------------------------------------------
# Vivado v2018.2 (64-bit)
# SW Build 2258646 on Thu Jun 14 20:03:12 MDT 2018
# IP Build 2256618 on Thu Jun 14 22:10:49 MDT 2018
# Start of session at: Mon Jan 21 16:12:51 2019
# Process ID: 170188
# Current directory: C:/Users/petra/Desktop/Nueva carpeta/Trabajo-VHDL/Proyecto_Maquinas_Estado
# Command line: vivado.exe -gui_launcher_event rodinguilauncherevent168756 C:\Users\petra\Desktop\Nueva carpeta\Trabajo-VHDL\Proyecto_Maquinas_Estado\Proyecto_Maquinas_Estado.xpr
# Log file: C:/Users/petra/Desktop/Nueva carpeta/Trabajo-VHDL/Proyecto_Maquinas_Estado/vivado.log
# Journal file: C:/Users/petra/Desktop/Nueva carpeta/Trabajo-VHDL/Proyecto_Maquinas_Estado\vivado.jou
#-----------------------------------------------------------
start_gui
open_project {C:/Users/petra/Desktop/Nueva carpeta/Trabajo-VHDL/Proyecto_Maquinas_Estado/Proyecto_Maquinas_Estado.xpr}
INFO: [Project 1-313] Project file moved from 'D:/Trabajo-VHDL/Proyecto_Maquinas_Estado' since last save.
Scanning sources...
Finished scanning sources
INFO: [filemgmt 56-1] IPUserFilesDir: Directory not found as 'C:/Users/petra/Proyecto_Maquinas_Estado/Proyecto_Maquinas_Estado.ip_user_files'; using path 'D:/../../Proyecto_Maquinas_Estado/Proyecto_Maquinas_Estado.ip_user_files' instead.
INFO: [IP_Flow 19-234] Refreshing IP repositories
INFO: [IP_Flow 19-1704] No user IP repositories specified
INFO: [IP_Flow 19-2313] Loaded Vivado IP repository 'C:/Xilinx/Vivado/2018.2/data/ip'.
open_project: Time (s): cpu = 00:00:28 ; elapsed = 00:00:23 . Memory (MB): peak = 877.281 ; gain = 153.375
update_compile_order -fileset sources_1
set_property SOURCE_SET sources_1 [get_filesets sim_1]
close [ open {C:/Users/petra/Desktop/Nueva carpeta/Trabajo-VHDL/Proyecto_Maquinas_Estado/Proyecto_Maquinas_Estado.srcs/sim_1/new/top_tb.vhd} w ]
add_files -fileset sim_1 {{C:/Users/petra/Desktop/Nueva carpeta/Trabajo-VHDL/Proyecto_Maquinas_Estado/Proyecto_Maquinas_Estado.srcs/sim_1/new/top_tb.vhd}}
update_compile_order -fileset sim_1
export_ip_user_files -of_objects  [get_files {{C:/Users/petra/Desktop/Nueva carpeta/Trabajo-VHDL/Proyecto_Maquinas_Estado/Proyecto_Maquinas_Estado.srcs/sim_1/new/maquina_estados_tb.vhd}}] -no_script -reset -force -quiet
remove_files  -fileset sim_1 {{C:/Users/petra/Desktop/Nueva carpeta/Trabajo-VHDL/Proyecto_Maquinas_Estado/Proyecto_Maquinas_Estado.srcs/sim_1/new/maquina_estados_tb.vhd}}
update_compile_order -fileset sim_1
update_compile_order -fileset sim_1
exit
INFO: [Common 17-206] Exiting Vivado at Mon Jan 21 16:18:29 2019...
