#-----------------------------------------------------------
# Vivado v2018.2 (64-bit)
# SW Build 2258646 on Thu Jun 14 20:03:12 MDT 2018
# IP Build 2256618 on Thu Jun 14 22:10:49 MDT 2018
# Start of session at: Thu Jan 17 11:58:00 2019
# Process ID: 3376
# Current directory: D:/Trabajo-VHDL--Fran/Proyecto_Maquinas_Estado
# Command line: vivado.exe -gui_launcher_event rodinguilauncherevent3264 D:\Trabajo-VHDL--Fran\Proyecto_Maquinas_Estado\Proyecto_Maquinas_Estado.xpr
# Log file: D:/Trabajo-VHDL--Fran/Proyecto_Maquinas_Estado/vivado.log
# Journal file: D:/Trabajo-VHDL--Fran/Proyecto_Maquinas_Estado\vivado.jou
#-----------------------------------------------------------
start_gui
open_project D:/Trabajo-VHDL--Fran/Proyecto_Maquinas_Estado/Proyecto_Maquinas_Estado.xpr
INFO: [Project 1-313] Project file moved from 'C:/Users/petra/Desktop/Trabajo-VHDL--Fran/Proyecto_Maquinas_Estado' since last save.
Scanning sources...
Finished scanning sources
INFO: [Common 17-41] Interrupt caught. Command should exit soon.
INFO: [Common 17-344] 'open_project' was cancelled
exit
INFO: [Common 17-206] Exiting Vivado at Thu Jan 17 11:59:34 2019...
